<?xml version="1.0" encoding="UTF-8"?>
<!-- Generated by org.testng.reporters.JUnitReportReporter -->
<testsuite skipped="0" hostname="arkas-MacBook-Pro.local" name="com.httpMethods.qa.RestClientTestCases.HttpMethodGetTestCase" tests="1" failures="0" timestamp="31 May 2018 07:17:18 GMT" time="2.974" errors="0">
  <testcase name="GetMethodCallTestCase" time="2.974" classname="com.httpMethods.qa.RestClientTestCases.HttpMethodGetTestCase"/>
</testsuite> <!-- com.httpMethods.qa.RestClientTestCases.HttpMethodGetTestCase -->
